alsa-utils
brightnessctl
btop
cava
cmake
dbus-python
fabric-cli-git
fd
ffmpeg-obs
ffmpegthumbnailer
fish
fzf
gvfs-goa
gvfs-google
inetutils
jq
kitty
ly
neovim
noto-fonts-emoji
otf-font-awesome
pamixer
pavucontrol
polkit-gnome
poppler
python-fabric-git
python-fuzzywuzzy
python-gobject-docs
python-pip
python-pipx
python-pygobject-stubs
python-pynvim
python-setproctitle
python-toml
ripgrep
slurp
starship
stow
tmux
unarchiver
vala
vte3
webp-pixbuf-loader
wl-clip-persist-git
wl-clipboard
wtype
xdg-desktop-portal-gtk
xdg-user-dirs-gtk
xdg-utils
zoxide
